\BOOKMARK [0][-]{section*.4}{\376\377\006\101\006\107\006\061\006\063\006\052\000\040\006\052\006\065\006\047\006\110\006\314\006\061}{}% 1
\BOOKMARK [0][-]{section*.5}{\376\377\006\101\006\107\006\061\006\063\006\052\000\040\006\054\006\057\006\047\006\110\006\104}{}% 2
\BOOKMARK [0][-]{chapter.1}{\376\377\006\105\006\102\006\057\006\105\006\107}{}% 3
\BOOKMARK [1][-]{section.1.1}{\376\377\006\105\006\102\006\057\006\105\006\107}{chapter.1}% 4
\BOOKMARK [1][-]{section.1.2}{\376\377\006\052\006\071\006\061\006\314\006\101\000\040\006\105\006\063\006\046\006\104\006\107}{chapter.1}% 5
\BOOKMARK [1][-]{section.1.3}{\376\377\006\061\006\047\006\107\000\040\006\055\006\104\000\040\006\176\006\314\006\064\006\106\006\107\006\047\006\057\006\314}{chapter.1}% 6
\BOOKMARK [1][-]{section.1.4}{\376\377\006\106\006\314\006\047\006\062\006\105\006\106\006\057\006\314\040\014\006\107\006\047\006\314\000\040\006\176\006\061\006\110\006\230\006\107}{chapter.1}% 7
\BOOKMARK [0][-]{chapter.2}{\376\377\006\047\006\054\006\062\006\047\000\040\006\110\000\040\006\052\006\251\006\106\006\110\006\104\006\110\006\230\006\314\040\014\006\107\006\047}{}% 8
\BOOKMARK [1][-]{section.2.1}{\376\377\006\062\006\314\006\061\006\063\006\047\006\056\006\052\000\040\006\050\006\107\000\040\006\071\006\106\006\110\006\047\006\106\000\040\006\056\006\057\006\105\006\052}{chapter.2}% 9
\BOOKMARK [2][-]{subsection.2.1.1}{\376\377\000V\000M\000W\000a\000r\000e\000\040\000C\000l\000o\000u\000d\000\040\000D\000i\000r\000e\000c\000t\000o\000r}{section.2.1}% 10
\BOOKMARK [1][-]{section.2.2}{\376\377\006\062\006\050\006\047\006\106\000\040\006\050\006\061\006\106\006\047\006\105\006\107\040\014\006\106\006\110\006\314\006\063\006\314}{chapter.2}% 11
\BOOKMARK [2][-]{subsection.2.2.1}{\376\377\006\062\006\050\006\047\006\106\000\040\006\050\006\061\006\106\006\047\006\105\006\107\040\014\006\106\006\110\006\314\006\063\006\314\000\040\000G\000o}{section.2.2}% 12
\BOOKMARK [1][-]{section.2.3}{\376\377\006\047\006\063\006\052\006\047\006\106\006\057\006\047\006\061\006\057\000\040\000R\000E\000S\000T}{chapter.2}% 13
\BOOKMARK [1][-]{section.2.4}{\376\377\006\176\006\047\006\314\006\257\006\047\006\107\000\040\006\060\006\056\006\314\006\061\006\107\000\040\006\057\006\047\006\057\006\107}{chapter.2}% 14
\BOOKMARK [2][-]{subsection.2.4.1}{\376\377\006\176\006\047\006\314\006\257\006\047\006\107\000\040\006\057\006\047\006\057\006\107\000\040\006\061\006\047\006\050\006\067\006\107\040\014\006\047\006\314}{section.2.4}% 15
\BOOKMARK [2][-]{subsection.2.4.2}{\376\377\006\176\006\047\006\314\006\257\006\047\006\107\000\040\006\057\006\047\006\057\006\107\000\040\006\072\006\314\006\061\040\014\000\040\006\061\006\047\006\050\006\067\006\107\040\014\006\047\006\314}{section.2.4}% 16
\BOOKMARK [1][-]{section.2.5}{\376\377\006\105\006\071\006\105\006\047\006\061\006\314\000\040\006\105\006\314\006\251\006\061\006\110\006\063\006\061\006\110\006\314\006\063}{chapter.2}% 17
\BOOKMARK [1][-]{section.2.6}{\376\377\040\014\006\057\006\061\006\110\006\047\006\062\006\107\040\014\006\314\000\040\006\110\006\061\006\110\006\057\000\040\006\061\006\047\006\050\006\067}{chapter.2}% 18
\BOOKMARK [1][-]{section.2.7}{\376\377\006\057\006\047\006\251\006\061}{chapter.2}% 19
\BOOKMARK [1][-]{section.2.8}{\376\377\006\106\006\052\006\314\006\054\006\107\000\040\006\257\006\314\006\061\006\314}{chapter.2}% 20
\BOOKMARK [0][-]{chapter.3}{\376\377\006\105\006\061\006\110\006\061\006\314\000\040\006\050\006\061\000\040\006\251\006\047\006\061\006\107\006\047\006\314\000\040\006\105\006\064\006\047\006\050\006\107}{}% 21
\BOOKMARK [1][-]{section.3.1}{\376\377\006\251\006\047\006\061\006\107\006\047\006\314\000\040\006\105\006\064\006\047\006\050\006\107}{chapter.3}% 22
\BOOKMARK [2][-]{subsection.3.1.1}{\376\377\006\106\006\105\006\110\006\106\006\107\040\014\006\107\006\047\006\314\000\040\006\057\006\047\006\056\006\104\006\314}{section.3.1}% 23
\BOOKMARK [2][-]{subsection.3.1.2}{\376\377\006\106\006\105\006\110\006\106\006\107\040\014\006\107\006\047\006\314\000\040\006\056\006\047\006\061\006\054\006\314}{section.3.1}% 24
\BOOKMARK [0][-]{chapter.4}{\376\377\006\176\006\314\006\047\006\057\006\107\040\014\006\063\006\047\006\062\006\314\000\040\006\063\006\314\006\063\006\052\006\105}{}% 25
\BOOKMARK [1][-]{section.4.1}{\376\377\006\106\006\314\006\047\006\062\006\105\006\106\006\057\006\314\040\014\006\107\006\047\006\314\000\040\006\063\006\047\006\105\006\047\006\106\006\107}{chapter.4}% 26
\BOOKMARK [1][-]{section.4.2}{\376\377\006\067\006\061\006\047\006\055\006\314\000\040\006\110\000\040\006\105\006\071\006\105\006\047\006\061\006\314\000\040\006\063\006\314\006\063\006\052\006\105}{chapter.4}% 27
\BOOKMARK [1][-]{section.4.3}{\376\377\006\105\006\314\006\251\006\061\006\110\006\063\006\061\006\110\006\314\006\063\040\014\006\107\006\047}{chapter.4}% 28
\BOOKMARK [2][-]{subsection.4.3.1}{\376\377\006\102\006\101\006\104}{section.4.3}% 29
\BOOKMARK [2][-]{subsection.4.3.2}{\376\377\006\106\006\047\006\070\006\105}{section.4.3}% 30
\BOOKMARK [2][-]{subsection.4.3.3}{\376\377\006\050\006\047\006\054\006\107}{section.4.3}% 31
\BOOKMARK [2][-]{subsection.4.3.4}{\376\377\006\056\006\047\006\057\006\105}{section.4.3}% 32
\BOOKMARK [1][-]{section.4.4}{\376\377\040\014\006\057\006\061\006\110\006\047\006\062\006\107\040\014\006\314\000\040\006\110\006\061\006\110\006\057\000\040\006\061\006\047\006\050\006\067}{chapter.4}% 33
\BOOKMARK [1][-]{section.4.5}{\376\377\006\106\006\052\006\314\006\054\006\107\000\040\006\257\006\314\006\061\006\314}{chapter.4}% 34
\BOOKMARK [0][-]{chapter.5}{\376\377\006\050\006\061\006\061\006\063\006\314\000\040\006\110\000\040\006\047\006\061\006\062\006\314\006\047\006\050\006\314}{}% 35
\BOOKMARK [1][-]{section.5.1}{\376\377\006\052\006\063\006\052\040\014\006\107\006\047\006\314\000\040\006\110\006\047\006\055\006\057}{chapter.5}% 36
\BOOKMARK [1][-]{section.5.2}{\376\377\006\052\006\063\006\052\040\014\006\107\006\047\006\314\000\040\006\047\006\057\006\072\006\047\006\105}{chapter.5}% 37
\BOOKMARK [1][-]{section.5.3}{\376\377\006\052\006\063\006\052\000\040\006\050\006\047\006\061}{chapter.5}% 38
\BOOKMARK [1][-]{section.5.4}{\376\377\006\105\006\055\006\057\006\110\006\057\006\314\006\052\040\014\006\107\006\047}{chapter.5}% 39
\BOOKMARK [1][-]{section.5.5}{\376\377\006\056\006\067\006\047\006\314\006\047\006\050\006\314}{chapter.5}% 40
\BOOKMARK [0][-]{chapter.6}{\376\377\006\054\006\105\006\071\040\014\006\050\006\106\006\057\006\314\006\014\000\040\006\106\006\052\006\314\006\054\006\107\040\014\006\257\006\314\006\061\006\314\000\040\006\110\000\040\006\176\006\314\006\064\006\106\006\107\006\047\006\057\006\047\006\052\000\040\006\050\006\061\006\047\006\314\000\040\006\251\006\047\006\061\006\107\006\047\006\314\000\040\006\042\006\052\006\314}{}% 41
\BOOKMARK [1][-]{section.6.1}{\376\377\006\054\006\105\006\071\040\014\006\050\006\106\006\057\006\314\000\040\006\110\000\040\006\106\006\052\006\314\006\054\006\107\040\014\006\257\006\314\006\061\006\314}{chapter.6}% 42
\BOOKMARK [1][-]{section.6.2}{\376\377\006\176\006\314\006\064\006\106\006\107\006\047\006\057\006\047\006\052\000\040\006\050\006\061\006\047\006\314\000\040\006\251\006\047\006\061\006\107\006\047\006\314\000\040\006\042\006\052\006\314}{chapter.6}% 43
\BOOKMARK [2][-]{subsection.6.2.1}{\376\377\006\052\006\054\006\062\006\314\006\107\000\040\006\105\006\314\006\251\006\061\006\110\006\063\006\061\006\110\006\314\006\063\000\040\006\106\006\047\006\070\006\105}{section.6.2}% 44
\BOOKMARK [2][-]{subsection.6.2.2}{\376\377\006\047\006\061\006\052\006\050\006\047\006\067\006\047\006\052\000\040\006\061\006\056\006\057\006\047\006\057\000\040\006\176\006\047\006\314\006\107}{section.6.2}% 45
\BOOKMARK [2][-]{subsection.6.2.3}{\376\377\006\106\006\070\006\047\006\061\006\052\000\040\006\110\000\040\006\257\006\062\006\047\006\061\006\064\000\040\006\061\006\056\006\057\006\047\006\057\040\014\006\107\006\047}{section.6.2}% 46
\BOOKMARK [2][-]{subsection.6.2.4}{\376\377\006\176\006\064\006\052\006\314\006\050\006\047\006\106\006\314\000\040\006\047\006\062\000\040\006\047\006\101\006\062\006\110\006\106\006\107\040\014\006\107\006\047\006\314\000\040\000V\000M\000W\000a\000r\000e\000\040\000C\000l\000o\000u\000d\000\040\000D\000i\000r\000e\000c\000t\000o\000r}{section.6.2}% 47
\BOOKMARK [0][-]{appendix*.6}{\376\377\006\251\006\052\006\047\006\050\040\014\006\106\006\047\006\105\006\107}{}% 48
\BOOKMARK [1][-]{section.Alph0.1}{\376\377\006\251\006\057\040\014\006\107\006\047\000\040\006\110\000\040\006\176\006\314\006\110\006\063\006\052\040\014\006\107\006\047}{appendix*.6}% 49
